CRITICAL - 2025-07-12 20:39:37 --> CodeIgniter\Exceptions\FrameworkException: The framework needs the following extension(s) installed and loaded: intl.
in SYSTEMPATH/CodeIgniter.php on line 252.
 1 SYSTEMPATH/CodeIgniter.php(252): CodeIgniter\Exceptions\FrameworkException::forMissingExtension('intl')
 2 SYSTEMPATH/CodeIgniter.php(214): CodeIgniter\CodeIgniter->resolvePlatformExtensions()
 3 FCPATH/index.php(67): CodeIgniter\CodeIgniter->initialize()
CRITICAL - 2025-07-12 20:39:37 --> ErrorException: Uncaught ErrorException: chmod(): Operation not permitted in /var/www/html/system/Log/Handlers/FileHandler.php:119
Stack trace:
#0 [internal function]: CodeIgniter\Debug\Exceptions->errorHandler(2, 'chmod(): Operat...', '/var/www/html/s...', 119)
#1 /var/www/html/system/Log/Handlers/FileHandler.php(119): chmod('/var/www/html/w...', 420)
#2 /var/www/html/system/Log/Logger.php(293): CodeIgniter\Log\Handlers\FileHandler->handle('critical', 'CodeIgniter\\Exc...')
#3 /var/www/html/system/Common.php(796): CodeIgniter\Log\Logger->log('critical', 'CodeIgniter\\Exc...', Array)
#4 /var/www/html/system/Debug/Exceptions.php(128): log_message('critical', 'CodeIgniter\\Exc...', Array)
#5 [internal function]: CodeIgniter\Debug\Exceptions->exceptionHandler(Object(CodeIgniter\Exceptions\FrameworkException))
#6 {main}
  thrown
【Previous Exception】
CodeIgniter\Exceptions\FrameworkException
The framework needs the following extension(s) installed and loaded: intl.
#0 /var/www/html/system/CodeIgniter.php(252): CodeIgniter\Exceptions\FrameworkException::forMissingExtension('intl')
#1 /var/www/html/system/CodeIgniter.php(214): CodeIgniter\CodeIgniter->resolvePlatformExtensions()
#2 /var/www/html/index.php(67): CodeIgniter\CodeIgniter->initialize()
#3 {main}
in SYSTEMPATH/Log/Handlers/FileHandler.php on line 119.
 1 [internal function]: CodeIgniter\Debug\Exceptions->shutdownHandler()
CRITICAL - 2025-07-12 20:41:16 --> CodeIgniter\Exceptions\FrameworkException: The framework needs the following extension(s) installed and loaded: intl.
in SYSTEMPATH/CodeIgniter.php on line 252.
 1 SYSTEMPATH/CodeIgniter.php(252): CodeIgniter\Exceptions\FrameworkException::forMissingExtension('intl')
 2 SYSTEMPATH/CodeIgniter.php(214): CodeIgniter\CodeIgniter->resolvePlatformExtensions()
 3 FCPATH/index.php(67): CodeIgniter\CodeIgniter->initialize()
CRITICAL - 2025-07-12 20:41:17 --> ErrorException: Uncaught Error: Class "Locale" not found in /var/www/html/system/Helpers/number_helper.php:137
Stack trace:
#0 /var/www/html/system/Helpers/number_helper.php(56): format_number(2.0, 2, NULL, Array)
#1 /var/www/html/system/Debug/BaseExceptionHandler.php(152): number_to_size(2.0, 2)
#2 /var/www/html/app/Views/errors/html/error_exception.php(384): CodeIgniter\Debug\BaseExceptionHandler::describeMemory(2097152)
#3 /var/www/html/system/Debug/BaseExceptionHandler.php(258): include('/var/www/html/a...')
#4 /var/www/html/system/Debug/BaseExceptionHandler.php(261): CodeIgniter\Debug\BaseExceptionHandler->CodeIgniter\Debug\{closure}()
#5 /var/www/html/system/Debug/ExceptionHandler.php(112): CodeIgniter\Debug\BaseExceptionHandler->render(Object(CodeIgniter\Exceptions\FrameworkException), 500, '/var/www/html/a...')
#6 /var/www/html/system/Debug/Exceptions.php(156): CodeIgniter\Debug\ExceptionHandler->handle(Object(CodeIgniter\Exceptions\FrameworkException), Object(CodeIgniter\HTTP\IncomingRequest), Object(CodeIgniter\HTTP\Response), 500, 1)
#7 [internal function]: CodeIgniter\Debug\Exceptions->exceptionHandler(Object(CodeIgniter\Exceptions\FrameworkException))
#8 {main}
  thrown
【Previous Exception】
CodeIgniter\Exceptions\FrameworkException
The framework needs the following extension(s) installed and loaded: intl.
#0 /var/www/html/system/CodeIgniter.php(252): CodeIgniter\Exceptions\FrameworkException::forMissingExtension('intl')
#1 /var/www/html/system/CodeIgniter.php(214): CodeIgniter\CodeIgniter->resolvePlatformExtensions()
#2 /var/www/html/index.php(67): CodeIgniter\CodeIgniter->initialize()
#3 {main}
in SYSTEMPATH/Helpers/number_helper.php on line 137.
 1 [internal function]: CodeIgniter\Debug\Exceptions->shutdownHandler()
