INFO - 2025-08-27 03:37:23 --> Session: Class initialized using 'CodeIgniter\Session\Handlers\FileHandler' driver.
INFO - 2025-08-27 03:37:26 --> Session: Class initialized using 'CodeIgniter\Session\Handlers\FileHandler' driver.
INFO - 2025-08-27 03:38:18 --> Session: Class initialized using 'CodeIgniter\Session\Handlers\FileHandler' driver.
INFO - 2025-08-27 03:38:20 --> Session: Class initialized using 'CodeIgniter\Session\Handlers\FileHandler' driver.
INFO - 2025-08-27 03:43:18 --> Session: Class initialized using 'CodeIgniter\Session\Handlers\FileHandler' driver.
CRITICAL - 2025-08-27 03:43:18 --> CodeIgniter\View\Exceptions\ViewException: Invalid file: "inc/head.php"
in SYSTEMPATH\Exceptions\FrameworkException.php on line 39.
 1 SYSTEMPATH\View\View.php(216): CodeIgniter\Exceptions\FrameworkException::forInvalidFile('inc/head.php')
 2 SYSTEMPATH\Common.php(1178): CodeIgniter\View\View->render('inc/head.php', [], true)
 3 APPPATH\Views\template.php(54): view('inc/head.php')
 4 SYSTEMPATH\View\View.php(228): include('C:\\xampp\\htdocs\\hackaton_fasta\\app\\Views\\template.php')
 5 SYSTEMPATH\View\View.php(231): CodeIgniter\View\View->CodeIgniter\View\{closure}()
 6 SYSTEMPATH\Common.php(1178): CodeIgniter\View\View->render('template', [], true)
 7 APPPATH\Controllers\Home.php(30): view('template', [...])
 8 SYSTEMPATH\CodeIgniter.php(941): App\Controllers\Home->index()
 9 SYSTEMPATH\CodeIgniter.php(502): CodeIgniter\CodeIgniter->runController(Object(App\Controllers\Home))
10 SYSTEMPATH\CodeIgniter.php(361): CodeIgniter\CodeIgniter->handleRequest(null, Object(Config\Cache), false)
11 FCPATH\index.php(79): CodeIgniter\CodeIgniter->run()
INFO - 2025-08-27 03:43:45 --> Session: Class initialized using 'CodeIgniter\Session\Handlers\FileHandler' driver.
CRITICAL - 2025-08-27 03:43:45 --> CodeIgniter\View\Exceptions\ViewException: Invalid file: "inc/head.php"
in SYSTEMPATH\Exceptions\FrameworkException.php on line 39.
 1 SYSTEMPATH\View\View.php(216): CodeIgniter\Exceptions\FrameworkException::forInvalidFile('inc/head.php')
 2 SYSTEMPATH\Common.php(1178): CodeIgniter\View\View->render('inc/head.php', [], true)
 3 APPPATH\Views\template.php(54): view('inc/head.php')
 4 SYSTEMPATH\View\View.php(228): include('C:\\xampp\\htdocs\\hackaton_fasta\\app\\Views\\template.php')
 5 SYSTEMPATH\View\View.php(231): CodeIgniter\View\View->CodeIgniter\View\{closure}()
 6 SYSTEMPATH\Common.php(1178): CodeIgniter\View\View->render('template', [], true)
 7 APPPATH\Controllers\Home.php(30): view('template', [...])
 8 SYSTEMPATH\CodeIgniter.php(941): App\Controllers\Home->index()
 9 SYSTEMPATH\CodeIgniter.php(502): CodeIgniter\CodeIgniter->runController(Object(App\Controllers\Home))
10 SYSTEMPATH\CodeIgniter.php(361): CodeIgniter\CodeIgniter->handleRequest(null, Object(Config\Cache), false)
11 FCPATH\index.php(79): CodeIgniter\CodeIgniter->run()
INFO - 2025-08-27 03:43:46 --> Session: Class initialized using 'CodeIgniter\Session\Handlers\FileHandler' driver.
CRITICAL - 2025-08-27 03:43:46 --> CodeIgniter\View\Exceptions\ViewException: Invalid file: "inc/head.php"
in SYSTEMPATH\Exceptions\FrameworkException.php on line 39.
 1 SYSTEMPATH\View\View.php(216): CodeIgniter\Exceptions\FrameworkException::forInvalidFile('inc/head.php')
 2 SYSTEMPATH\Common.php(1178): CodeIgniter\View\View->render('inc/head.php', [], true)
 3 APPPATH\Views\template.php(54): view('inc/head.php')
 4 SYSTEMPATH\View\View.php(228): include('C:\\xampp\\htdocs\\hackaton_fasta\\app\\Views\\template.php')
 5 SYSTEMPATH\View\View.php(231): CodeIgniter\View\View->CodeIgniter\View\{closure}()
 6 SYSTEMPATH\Common.php(1178): CodeIgniter\View\View->render('template', [], true)
 7 APPPATH\Controllers\Home.php(30): view('template', [...])
 8 SYSTEMPATH\CodeIgniter.php(941): App\Controllers\Home->index()
 9 SYSTEMPATH\CodeIgniter.php(502): CodeIgniter\CodeIgniter->runController(Object(App\Controllers\Home))
10 SYSTEMPATH\CodeIgniter.php(361): CodeIgniter\CodeIgniter->handleRequest(null, Object(Config\Cache), false)
11 FCPATH\index.php(79): CodeIgniter\CodeIgniter->run()
INFO - 2025-08-27 03:44:06 --> Session: Class initialized using 'CodeIgniter\Session\Handlers\FileHandler' driver.
INFO - 2025-08-27 03:44:15 --> Session: Class initialized using 'CodeIgniter\Session\Handlers\FileHandler' driver.
INFO - 2025-08-27 03:44:15 --> Session: Class initialized using 'CodeIgniter\Session\Handlers\FileHandler' driver.
INFO - 2025-08-27 03:46:04 --> Session: Class initialized using 'CodeIgniter\Session\Handlers\FileHandler' driver.
INFO - 2025-08-27 03:46:11 --> Session: Class initialized using 'CodeIgniter\Session\Handlers\FileHandler' driver.
INFO - 2025-08-27 03:48:21 --> Session: Class initialized using 'CodeIgniter\Session\Handlers\FileHandler' driver.
INFO - 2025-08-27 03:48:21 --> Session: Class initialized using 'CodeIgniter\Session\Handlers\FileHandler' driver.
INFO - 2025-08-27 03:48:39 --> Session: Class initialized using 'CodeIgniter\Session\Handlers\FileHandler' driver.
INFO - 2025-08-27 03:48:40 --> Session: Class initialized using 'CodeIgniter\Session\Handlers\FileHandler' driver.
INFO - 2025-08-27 03:52:41 --> Session: Class initialized using 'CodeIgniter\Session\Handlers\FileHandler' driver.
INFO - 2025-08-27 03:53:10 --> Session: Class initialized using 'CodeIgniter\Session\Handlers\FileHandler' driver.
INFO - 2025-08-27 03:53:11 --> Session: Class initialized using 'CodeIgniter\Session\Handlers\FileHandler' driver.
INFO - 2025-08-27 03:54:07 --> Session: Class initialized using 'CodeIgniter\Session\Handlers\FileHandler' driver.
INFO - 2025-08-27 03:54:18 --> Session: Class initialized using 'CodeIgniter\Session\Handlers\FileHandler' driver.
ERROR - 2025-08-27 03:54:22 --> Error connecting to the database: mysqli_sql_exception: No connection could be made because the target machine actively refused it in C:\xampp\htdocs\hackaton_fasta\system\Database\MySQLi\Connection.php:184
Stack trace:
#0 C:\xampp\htdocs\hackaton_fasta\system\Database\MySQLi\Connection.php(184): mysqli->real_connect('localhost', 'root', Object(SensitiveParameterValue), 'imago_fasta', 10360, '', 0)
#1 C:\xampp\htdocs\hackaton_fasta\system\Database\BaseConnection.php(392): CodeIgniter\Database\MySQLi\Connection->connect(false)
#2 C:\xampp\htdocs\hackaton_fasta\system\Database\BaseConnection.php(575): CodeIgniter\Database\BaseConnection->initialize()
#3 C:\xampp\htdocs\hackaton_fasta\system\Database\BaseBuilder.php(1616): CodeIgniter\Database\BaseConnection->query('SELECT *\nFROM `...', Array, false)
#4 C:\xampp\htdocs\hackaton_fasta\system\Model.php(872): CodeIgniter\Database\BaseBuilder->get()
#5 C:\xampp\htdocs\hackaton_fasta\app\Models\ModelUser.php(21): CodeIgniter\Model->__call('get', Array)
#6 C:\xampp\htdocs\hackaton_fasta\app\Controllers\Login.php(31): App\Models\ModelUser->cekEmail('fastabikul87@gm...')
#7 C:\xampp\htdocs\hackaton_fasta\system\CodeIgniter.php(941): App\Controllers\Login->login()
#8 C:\xampp\htdocs\hackaton_fasta\system\CodeIgniter.php(502): CodeIgniter\CodeIgniter->runController(Object(App\Controllers\Login))
#9 C:\xampp\htdocs\hackaton_fasta\system\CodeIgniter.php(361): CodeIgniter\CodeIgniter->handleRequest(NULL, Object(Config\Cache), false)
#10 C:\xampp\htdocs\hackaton_fasta\index.php(79): CodeIgniter\CodeIgniter->run()
#11 {main}

Next CodeIgniter\Database\Exceptions\DatabaseException: No connection could be made because the target machine actively refused it in C:\xampp\htdocs\hackaton_fasta\system\Database\MySQLi\Connection.php:229
Stack trace:
#0 C:\xampp\htdocs\hackaton_fasta\system\Database\BaseConnection.php(392): CodeIgniter\Database\MySQLi\Connection->connect(false)
#1 C:\xampp\htdocs\hackaton_fasta\system\Database\BaseConnection.php(575): CodeIgniter\Database\BaseConnection->initialize()
#2 C:\xampp\htdocs\hackaton_fasta\system\Database\BaseBuilder.php(1616): CodeIgniter\Database\BaseConnection->query('SELECT *\nFROM `...', Array, false)
#3 C:\xampp\htdocs\hackaton_fasta\system\Model.php(872): CodeIgniter\Database\BaseBuilder->get()
#4 C:\xampp\htdocs\hackaton_fasta\app\Models\ModelUser.php(21): CodeIgniter\Model->__call('get', Array)
#5 C:\xampp\htdocs\hackaton_fasta\app\Controllers\Login.php(31): App\Models\ModelUser->cekEmail('fastabikul87@gm...')
#6 C:\xampp\htdocs\hackaton_fasta\system\CodeIgniter.php(941): App\Controllers\Login->login()
#7 C:\xampp\htdocs\hackaton_fasta\system\CodeIgniter.php(502): CodeIgniter\CodeIgniter->runController(Object(App\Controllers\Login))
#8 C:\xampp\htdocs\hackaton_fasta\system\CodeIgniter.php(361): CodeIgniter\CodeIgniter->handleRequest(NULL, Object(Config\Cache), false)
#9 C:\xampp\htdocs\hackaton_fasta\index.php(79): CodeIgniter\CodeIgniter->run()
#10 {main}
CRITICAL - 2025-08-27 03:54:22 --> CodeIgniter\Database\Exceptions\DatabaseException: Unable to connect to the database.
Main connection [MySQLi]: No connection could be made because the target machine actively refused it
in SYSTEMPATH\Database\BaseConnection.php on line 428.
 1 SYSTEMPATH\Database\BaseConnection.php(575): CodeIgniter\Database\BaseConnection->initialize()
 2 SYSTEMPATH\Database\BaseBuilder.php(1616): CodeIgniter\Database\BaseConnection->query('SELECT *
FROM `user`
WHERE `email` = :email:', [...], false)
 3 SYSTEMPATH\Model.php(872): CodeIgniter\Database\BaseBuilder->get()
 4 APPPATH\Models\ModelUser.php(21): CodeIgniter\Model->__call('get', [])
 5 APPPATH\Controllers\Login.php(31): App\Models\ModelUser->cekEmail('fastabikul87@gmail.com')
 6 SYSTEMPATH\CodeIgniter.php(941): App\Controllers\Login->login()
 7 SYSTEMPATH\CodeIgniter.php(502): CodeIgniter\CodeIgniter->runController(Object(App\Controllers\Login))
 8 SYSTEMPATH\CodeIgniter.php(361): CodeIgniter\CodeIgniter->handleRequest(null, Object(Config\Cache), false)
 9 FCPATH\index.php(79): CodeIgniter\CodeIgniter->run()
INFO - 2025-08-27 03:55:15 --> Session: Class initialized using 'CodeIgniter\Session\Handlers\FileHandler' driver.
INFO - 2025-08-27 03:55:25 --> Session: Class initialized using 'CodeIgniter\Session\Handlers\FileHandler' driver.
ERROR - 2025-08-27 03:55:30 --> Error connecting to the database: mysqli_sql_exception: No connection could be made because the target machine actively refused it in C:\xampp\htdocs\hackaton_fasta\system\Database\MySQLi\Connection.php:184
Stack trace:
#0 C:\xampp\htdocs\hackaton_fasta\system\Database\MySQLi\Connection.php(184): mysqli->real_connect('localhost', 'root', Object(SensitiveParameterValue), 'imago_fasta', 10360, '', 0)
#1 C:\xampp\htdocs\hackaton_fasta\system\Database\BaseConnection.php(392): CodeIgniter\Database\MySQLi\Connection->connect(false)
#2 C:\xampp\htdocs\hackaton_fasta\system\Database\BaseConnection.php(575): CodeIgniter\Database\BaseConnection->initialize()
#3 C:\xampp\htdocs\hackaton_fasta\system\Database\BaseBuilder.php(1616): CodeIgniter\Database\BaseConnection->query('SELECT *\nFROM `...', Array, false)
#4 C:\xampp\htdocs\hackaton_fasta\system\Model.php(872): CodeIgniter\Database\BaseBuilder->get()
#5 C:\xampp\htdocs\hackaton_fasta\app\Models\ModelUser.php(21): CodeIgniter\Model->__call('get', Array)
#6 C:\xampp\htdocs\hackaton_fasta\app\Controllers\Login.php(31): App\Models\ModelUser->cekEmail('fastabee@gmail....')
#7 C:\xampp\htdocs\hackaton_fasta\system\CodeIgniter.php(941): App\Controllers\Login->login()
#8 C:\xampp\htdocs\hackaton_fasta\system\CodeIgniter.php(502): CodeIgniter\CodeIgniter->runController(Object(App\Controllers\Login))
#9 C:\xampp\htdocs\hackaton_fasta\system\CodeIgniter.php(361): CodeIgniter\CodeIgniter->handleRequest(NULL, Object(Config\Cache), false)
#10 C:\xampp\htdocs\hackaton_fasta\index.php(79): CodeIgniter\CodeIgniter->run()
#11 {main}

Next CodeIgniter\Database\Exceptions\DatabaseException: No connection could be made because the target machine actively refused it in C:\xampp\htdocs\hackaton_fasta\system\Database\MySQLi\Connection.php:229
Stack trace:
#0 C:\xampp\htdocs\hackaton_fasta\system\Database\BaseConnection.php(392): CodeIgniter\Database\MySQLi\Connection->connect(false)
#1 C:\xampp\htdocs\hackaton_fasta\system\Database\BaseConnection.php(575): CodeIgniter\Database\BaseConnection->initialize()
#2 C:\xampp\htdocs\hackaton_fasta\system\Database\BaseBuilder.php(1616): CodeIgniter\Database\BaseConnection->query('SELECT *\nFROM `...', Array, false)
#3 C:\xampp\htdocs\hackaton_fasta\system\Model.php(872): CodeIgniter\Database\BaseBuilder->get()
#4 C:\xampp\htdocs\hackaton_fasta\app\Models\ModelUser.php(21): CodeIgniter\Model->__call('get', Array)
#5 C:\xampp\htdocs\hackaton_fasta\app\Controllers\Login.php(31): App\Models\ModelUser->cekEmail('fastabee@gmail....')
#6 C:\xampp\htdocs\hackaton_fasta\system\CodeIgniter.php(941): App\Controllers\Login->login()
#7 C:\xampp\htdocs\hackaton_fasta\system\CodeIgniter.php(502): CodeIgniter\CodeIgniter->runController(Object(App\Controllers\Login))
#8 C:\xampp\htdocs\hackaton_fasta\system\CodeIgniter.php(361): CodeIgniter\CodeIgniter->handleRequest(NULL, Object(Config\Cache), false)
#9 C:\xampp\htdocs\hackaton_fasta\index.php(79): CodeIgniter\CodeIgniter->run()
#10 {main}
CRITICAL - 2025-08-27 03:55:30 --> CodeIgniter\Database\Exceptions\DatabaseException: Unable to connect to the database.
Main connection [MySQLi]: No connection could be made because the target machine actively refused it
in SYSTEMPATH\Database\BaseConnection.php on line 428.
 1 SYSTEMPATH\Database\BaseConnection.php(575): CodeIgniter\Database\BaseConnection->initialize()
 2 SYSTEMPATH\Database\BaseBuilder.php(1616): CodeIgniter\Database\BaseConnection->query('SELECT *
FROM `user`
WHERE `email` = :email:', [...], false)
 3 SYSTEMPATH\Model.php(872): CodeIgniter\Database\BaseBuilder->get()
 4 APPPATH\Models\ModelUser.php(21): CodeIgniter\Model->__call('get', [])
 5 APPPATH\Controllers\Login.php(31): App\Models\ModelUser->cekEmail('fastabee@gmail.com')
 6 SYSTEMPATH\CodeIgniter.php(941): App\Controllers\Login->login()
 7 SYSTEMPATH\CodeIgniter.php(502): CodeIgniter\CodeIgniter->runController(Object(App\Controllers\Login))
 8 SYSTEMPATH\CodeIgniter.php(361): CodeIgniter\CodeIgniter->handleRequest(null, Object(Config\Cache), false)
 9 FCPATH\index.php(79): CodeIgniter\CodeIgniter->run()
INFO - 2025-08-27 03:56:05 --> Session: Class initialized using 'CodeIgniter\Session\Handlers\FileHandler' driver.
ERROR - 2025-08-27 03:56:09 --> Error connecting to the database: mysqli_sql_exception: No connection could be made because the target machine actively refused it in C:\xampp\htdocs\hackaton_fasta\system\Database\MySQLi\Connection.php:184
Stack trace:
#0 C:\xampp\htdocs\hackaton_fasta\system\Database\MySQLi\Connection.php(184): mysqli->real_connect('localhost', 'root', Object(SensitiveParameterValue), 'imago_fasta', 10360, '', 0)
#1 C:\xampp\htdocs\hackaton_fasta\system\Database\BaseConnection.php(392): CodeIgniter\Database\MySQLi\Connection->connect(false)
#2 C:\xampp\htdocs\hackaton_fasta\system\Database\BaseConnection.php(575): CodeIgniter\Database\BaseConnection->initialize()
#3 C:\xampp\htdocs\hackaton_fasta\system\Database\BaseBuilder.php(1616): CodeIgniter\Database\BaseConnection->query('SELECT *\nFROM `...', Array, false)
#4 C:\xampp\htdocs\hackaton_fasta\system\Model.php(872): CodeIgniter\Database\BaseBuilder->get()
#5 C:\xampp\htdocs\hackaton_fasta\app\Models\ModelUser.php(21): CodeIgniter\Model->__call('get', Array)
#6 C:\xampp\htdocs\hackaton_fasta\app\Controllers\Login.php(31): App\Models\ModelUser->cekEmail('fastabee@gmail....')
#7 C:\xampp\htdocs\hackaton_fasta\system\CodeIgniter.php(941): App\Controllers\Login->login()
#8 C:\xampp\htdocs\hackaton_fasta\system\CodeIgniter.php(502): CodeIgniter\CodeIgniter->runController(Object(App\Controllers\Login))
#9 C:\xampp\htdocs\hackaton_fasta\system\CodeIgniter.php(361): CodeIgniter\CodeIgniter->handleRequest(NULL, Object(Config\Cache), false)
#10 C:\xampp\htdocs\hackaton_fasta\index.php(79): CodeIgniter\CodeIgniter->run()
#11 {main}

Next CodeIgniter\Database\Exceptions\DatabaseException: No connection could be made because the target machine actively refused it in C:\xampp\htdocs\hackaton_fasta\system\Database\MySQLi\Connection.php:229
Stack trace:
#0 C:\xampp\htdocs\hackaton_fasta\system\Database\BaseConnection.php(392): CodeIgniter\Database\MySQLi\Connection->connect(false)
#1 C:\xampp\htdocs\hackaton_fasta\system\Database\BaseConnection.php(575): CodeIgniter\Database\BaseConnection->initialize()
#2 C:\xampp\htdocs\hackaton_fasta\system\Database\BaseBuilder.php(1616): CodeIgniter\Database\BaseConnection->query('SELECT *\nFROM `...', Array, false)
#3 C:\xampp\htdocs\hackaton_fasta\system\Model.php(872): CodeIgniter\Database\BaseBuilder->get()
#4 C:\xampp\htdocs\hackaton_fasta\app\Models\ModelUser.php(21): CodeIgniter\Model->__call('get', Array)
#5 C:\xampp\htdocs\hackaton_fasta\app\Controllers\Login.php(31): App\Models\ModelUser->cekEmail('fastabee@gmail....')
#6 C:\xampp\htdocs\hackaton_fasta\system\CodeIgniter.php(941): App\Controllers\Login->login()
#7 C:\xampp\htdocs\hackaton_fasta\system\CodeIgniter.php(502): CodeIgniter\CodeIgniter->runController(Object(App\Controllers\Login))
#8 C:\xampp\htdocs\hackaton_fasta\system\CodeIgniter.php(361): CodeIgniter\CodeIgniter->handleRequest(NULL, Object(Config\Cache), false)
#9 C:\xampp\htdocs\hackaton_fasta\index.php(79): CodeIgniter\CodeIgniter->run()
#10 {main}
CRITICAL - 2025-08-27 03:56:09 --> CodeIgniter\Database\Exceptions\DatabaseException: Unable to connect to the database.
Main connection [MySQLi]: No connection could be made because the target machine actively refused it
in SYSTEMPATH\Database\BaseConnection.php on line 428.
 1 SYSTEMPATH\Database\BaseConnection.php(575): CodeIgniter\Database\BaseConnection->initialize()
 2 SYSTEMPATH\Database\BaseBuilder.php(1616): CodeIgniter\Database\BaseConnection->query('SELECT *
FROM `user`
WHERE `email` = :email:', [...], false)
 3 SYSTEMPATH\Model.php(872): CodeIgniter\Database\BaseBuilder->get()
 4 APPPATH\Models\ModelUser.php(21): CodeIgniter\Model->__call('get', [])
 5 APPPATH\Controllers\Login.php(31): App\Models\ModelUser->cekEmail('fastabee@gmail.com')
 6 SYSTEMPATH\CodeIgniter.php(941): App\Controllers\Login->login()
 7 SYSTEMPATH\CodeIgniter.php(502): CodeIgniter\CodeIgniter->runController(Object(App\Controllers\Login))
 8 SYSTEMPATH\CodeIgniter.php(361): CodeIgniter\CodeIgniter->handleRequest(null, Object(Config\Cache), false)
 9 FCPATH\index.php(79): CodeIgniter\CodeIgniter->run()
INFO - 2025-08-27 03:56:11 --> Session: Class initialized using 'CodeIgniter\Session\Handlers\FileHandler' driver.
INFO - 2025-08-27 03:56:16 --> Session: Class initialized using 'CodeIgniter\Session\Handlers\FileHandler' driver.
ERROR - 2025-08-27 03:56:20 --> Error connecting to the database: mysqli_sql_exception: No connection could be made because the target machine actively refused it in C:\xampp\htdocs\hackaton_fasta\system\Database\MySQLi\Connection.php:184
Stack trace:
#0 C:\xampp\htdocs\hackaton_fasta\system\Database\MySQLi\Connection.php(184): mysqli->real_connect('localhost', 'root', Object(SensitiveParameterValue), 'imago_fasta', 10360, '', 0)
#1 C:\xampp\htdocs\hackaton_fasta\system\Database\BaseConnection.php(392): CodeIgniter\Database\MySQLi\Connection->connect(false)
#2 C:\xampp\htdocs\hackaton_fasta\system\Database\BaseConnection.php(575): CodeIgniter\Database\BaseConnection->initialize()
#3 C:\xampp\htdocs\hackaton_fasta\system\Database\BaseBuilder.php(1616): CodeIgniter\Database\BaseConnection->query('SELECT *\nFROM `...', Array, false)
#4 C:\xampp\htdocs\hackaton_fasta\system\Model.php(872): CodeIgniter\Database\BaseBuilder->get()
#5 C:\xampp\htdocs\hackaton_fasta\app\Models\ModelUser.php(21): CodeIgniter\Model->__call('get', Array)
#6 C:\xampp\htdocs\hackaton_fasta\app\Controllers\Login.php(31): App\Models\ModelUser->cekEmail('fastabee@gmail....')
#7 C:\xampp\htdocs\hackaton_fasta\system\CodeIgniter.php(941): App\Controllers\Login->login()
#8 C:\xampp\htdocs\hackaton_fasta\system\CodeIgniter.php(502): CodeIgniter\CodeIgniter->runController(Object(App\Controllers\Login))
#9 C:\xampp\htdocs\hackaton_fasta\system\CodeIgniter.php(361): CodeIgniter\CodeIgniter->handleRequest(NULL, Object(Config\Cache), false)
#10 C:\xampp\htdocs\hackaton_fasta\index.php(79): CodeIgniter\CodeIgniter->run()
#11 {main}

Next CodeIgniter\Database\Exceptions\DatabaseException: No connection could be made because the target machine actively refused it in C:\xampp\htdocs\hackaton_fasta\system\Database\MySQLi\Connection.php:229
Stack trace:
#0 C:\xampp\htdocs\hackaton_fasta\system\Database\BaseConnection.php(392): CodeIgniter\Database\MySQLi\Connection->connect(false)
#1 C:\xampp\htdocs\hackaton_fasta\system\Database\BaseConnection.php(575): CodeIgniter\Database\BaseConnection->initialize()
#2 C:\xampp\htdocs\hackaton_fasta\system\Database\BaseBuilder.php(1616): CodeIgniter\Database\BaseConnection->query('SELECT *\nFROM `...', Array, false)
#3 C:\xampp\htdocs\hackaton_fasta\system\Model.php(872): CodeIgniter\Database\BaseBuilder->get()
#4 C:\xampp\htdocs\hackaton_fasta\app\Models\ModelUser.php(21): CodeIgniter\Model->__call('get', Array)
#5 C:\xampp\htdocs\hackaton_fasta\app\Controllers\Login.php(31): App\Models\ModelUser->cekEmail('fastabee@gmail....')
#6 C:\xampp\htdocs\hackaton_fasta\system\CodeIgniter.php(941): App\Controllers\Login->login()
#7 C:\xampp\htdocs\hackaton_fasta\system\CodeIgniter.php(502): CodeIgniter\CodeIgniter->runController(Object(App\Controllers\Login))
#8 C:\xampp\htdocs\hackaton_fasta\system\CodeIgniter.php(361): CodeIgniter\CodeIgniter->handleRequest(NULL, Object(Config\Cache), false)
#9 C:\xampp\htdocs\hackaton_fasta\index.php(79): CodeIgniter\CodeIgniter->run()
#10 {main}
CRITICAL - 2025-08-27 03:56:20 --> CodeIgniter\Database\Exceptions\DatabaseException: Unable to connect to the database.
Main connection [MySQLi]: No connection could be made because the target machine actively refused it
in SYSTEMPATH\Database\BaseConnection.php on line 428.
 1 SYSTEMPATH\Database\BaseConnection.php(575): CodeIgniter\Database\BaseConnection->initialize()
 2 SYSTEMPATH\Database\BaseBuilder.php(1616): CodeIgniter\Database\BaseConnection->query('SELECT *
FROM `user`
WHERE `email` = :email:', [...], false)
 3 SYSTEMPATH\Model.php(872): CodeIgniter\Database\BaseBuilder->get()
 4 APPPATH\Models\ModelUser.php(21): CodeIgniter\Model->__call('get', [])
 5 APPPATH\Controllers\Login.php(31): App\Models\ModelUser->cekEmail('fastabee@gmail.com')
 6 SYSTEMPATH\CodeIgniter.php(941): App\Controllers\Login->login()
 7 SYSTEMPATH\CodeIgniter.php(502): CodeIgniter\CodeIgniter->runController(Object(App\Controllers\Login))
 8 SYSTEMPATH\CodeIgniter.php(361): CodeIgniter\CodeIgniter->handleRequest(null, Object(Config\Cache), false)
 9 FCPATH\index.php(79): CodeIgniter\CodeIgniter->run()
INFO - 2025-08-27 03:56:38 --> Session: Class initialized using 'CodeIgniter\Session\Handlers\FileHandler' driver.
CRITICAL - 2025-08-27 03:56:40 --> ErrorException: Undefined array key "nama"
in APPPATH\Controllers\Login.php on line 39.
 1 APPPATH\Controllers\Login.php(39): CodeIgniter\Debug\Exceptions->errorHandler(2, 'Undefined array key "nama"', 'C:\\xampp\\htdocs\\hackaton_fasta\\app\\Controllers\\Login.php', 39)
 2 SYSTEMPATH\CodeIgniter.php(941): App\Controllers\Login->login()
 3 SYSTEMPATH\CodeIgniter.php(502): CodeIgniter\CodeIgniter->runController(Object(App\Controllers\Login))
 4 SYSTEMPATH\CodeIgniter.php(361): CodeIgniter\CodeIgniter->handleRequest(null, Object(Config\Cache), false)
 5 FCPATH\index.php(79): CodeIgniter\CodeIgniter->run()
INFO - 2025-08-27 03:57:53 --> Session: Class initialized using 'CodeIgniter\Session\Handlers\FileHandler' driver.
INFO - 2025-08-27 03:57:55 --> Session: Class initialized using 'CodeIgniter\Session\Handlers\FileHandler' driver.
INFO - 2025-08-27 03:59:07 --> Session: Class initialized using 'CodeIgniter\Session\Handlers\FileHandler' driver.
INFO - 2025-08-27 03:59:54 --> Session: Class initialized using 'CodeIgniter\Session\Handlers\FileHandler' driver.
INFO - 2025-08-27 04:00:01 --> Session: Class initialized using 'CodeIgniter\Session\Handlers\FileHandler' driver.
INFO - 2025-08-27 04:00:02 --> Session: Class initialized using 'CodeIgniter\Session\Handlers\FileHandler' driver.
INFO - 2025-08-27 04:00:04 --> Session: Class initialized using 'CodeIgniter\Session\Handlers\FileHandler' driver.
INFO - 2025-08-27 04:00:33 --> Session: Class initialized using 'CodeIgniter\Session\Handlers\FileHandler' driver.
INFO - 2025-08-27 04:00:36 --> Session: Class initialized using 'CodeIgniter\Session\Handlers\FileHandler' driver.
CRITICAL - 2025-08-27 04:00:38 --> ParseError: syntax error, unexpected token "<", expecting "elseif" or "else" or "endif"
in APPPATH\Views\template.php on line 4.
 1 SYSTEMPATH\View\View.php(231): CodeIgniter\View\View->CodeIgniter\View\{closure}()
 2 SYSTEMPATH\Common.php(1178): CodeIgniter\View\View->render('template', [], true)
 3 APPPATH\Controllers\Home.php(32): view('template', [...])
 4 SYSTEMPATH\CodeIgniter.php(941): App\Controllers\Home->index()
 5 SYSTEMPATH\CodeIgniter.php(502): CodeIgniter\CodeIgniter->runController(Object(App\Controllers\Home))
 6 SYSTEMPATH\CodeIgniter.php(361): CodeIgniter\CodeIgniter->handleRequest(null, Object(Config\Cache), false)
 7 FCPATH\index.php(79): CodeIgniter\CodeIgniter->run()
INFO - 2025-08-27 04:00:38 --> Session: Class initialized using 'CodeIgniter\Session\Handlers\FileHandler' driver.
CRITICAL - 2025-08-27 04:00:40 --> ParseError: syntax error, unexpected token "<", expecting "elseif" or "else" or "endif"
in APPPATH\Views\template.php on line 4.
 1 SYSTEMPATH\View\View.php(231): CodeIgniter\View\View->CodeIgniter\View\{closure}()
 2 SYSTEMPATH\Common.php(1178): CodeIgniter\View\View->render('template', [], true)
 3 APPPATH\Controllers\Home.php(32): view('template', [...])
 4 SYSTEMPATH\CodeIgniter.php(941): App\Controllers\Home->index()
 5 SYSTEMPATH\CodeIgniter.php(502): CodeIgniter\CodeIgniter->runController(Object(App\Controllers\Home))
 6 SYSTEMPATH\CodeIgniter.php(361): CodeIgniter\CodeIgniter->handleRequest(null, Object(Config\Cache), false)
 7 FCPATH\index.php(79): CodeIgniter\CodeIgniter->run()
INFO - 2025-08-27 04:00:51 --> Session: Class initialized using 'CodeIgniter\Session\Handlers\FileHandler' driver.
INFO - 2025-08-27 04:01:58 --> Session: Class initialized using 'CodeIgniter\Session\Handlers\FileHandler' driver.
INFO - 2025-08-27 04:01:58 --> Session: Class initialized using 'CodeIgniter\Session\Handlers\FileHandler' driver.
INFO - 2025-08-27 04:02:12 --> Session: Class initialized using 'CodeIgniter\Session\Handlers\FileHandler' driver.
INFO - 2025-08-27 04:02:13 --> Session: Class initialized using 'CodeIgniter\Session\Handlers\FileHandler' driver.
INFO - 2025-08-27 04:02:24 --> Session: Class initialized using 'CodeIgniter\Session\Handlers\FileHandler' driver.
INFO - 2025-08-27 04:02:26 --> Session: Class initialized using 'CodeIgniter\Session\Handlers\FileHandler' driver.
INFO - 2025-08-27 04:02:32 --> Session: Class initialized using 'CodeIgniter\Session\Handlers\FileHandler' driver.
INFO - 2025-08-27 04:02:32 --> Session: Class initialized using 'CodeIgniter\Session\Handlers\FileHandler' driver.
INFO - 2025-08-27 04:05:34 --> Session: Class initialized using 'CodeIgniter\Session\Handlers\FileHandler' driver.
INFO - 2025-08-27 04:05:34 --> Session: Class initialized using 'CodeIgniter\Session\Handlers\FileHandler' driver.
INFO - 2025-08-27 04:06:19 --> Session: Class initialized using 'CodeIgniter\Session\Handlers\FileHandler' driver.
INFO - 2025-08-27 04:06:26 --> Session: Class initialized using 'CodeIgniter\Session\Handlers\FileHandler' driver.
INFO - 2025-08-27 04:16:04 --> Session: Class initialized using 'CodeIgniter\Session\Handlers\FileHandler' driver.
INFO - 2025-08-27 04:16:06 --> Session: Class initialized using 'CodeIgniter\Session\Handlers\FileHandler' driver.
CRITICAL - 2025-08-27 04:16:06 --> CodeIgniter\View\Exceptions\ViewException: Invalid file: "register.php"
in SYSTEMPATH\Exceptions\FrameworkException.php on line 39.
 1 SYSTEMPATH\View\View.php(216): CodeIgniter\Exceptions\FrameworkException::forInvalidFile('register.php')
 2 SYSTEMPATH\Common.php(1178): CodeIgniter\View\View->render('register', [], true)
 3 APPPATH\Controllers\Login.php(79): view('register')
 4 SYSTEMPATH\CodeIgniter.php(941): App\Controllers\Login->index_register()
 5 SYSTEMPATH\CodeIgniter.php(502): CodeIgniter\CodeIgniter->runController(Object(App\Controllers\Login))
 6 SYSTEMPATH\CodeIgniter.php(361): CodeIgniter\CodeIgniter->handleRequest(null, Object(Config\Cache), false)
 7 FCPATH\index.php(79): CodeIgniter\CodeIgniter->run()
INFO - 2025-08-27 04:16:37 --> Session: Class initialized using 'CodeIgniter\Session\Handlers\FileHandler' driver.
INFO - 2025-08-27 04:16:41 --> Session: Class initialized using 'CodeIgniter\Session\Handlers\FileHandler' driver.
INFO - 2025-08-27 04:16:44 --> Session: Class initialized using 'CodeIgniter\Session\Handlers\FileHandler' driver.
INFO - 2025-08-27 04:17:09 --> Session: Class initialized using 'CodeIgniter\Session\Handlers\FileHandler' driver.
INFO - 2025-08-27 04:17:39 --> Session: Class initialized using 'CodeIgniter\Session\Handlers\FileHandler' driver.
INFO - 2025-08-27 04:17:41 --> Session: Class initialized using 'CodeIgniter\Session\Handlers\FileHandler' driver.
INFO - 2025-08-27 04:18:27 --> Session: Class initialized using 'CodeIgniter\Session\Handlers\FileHandler' driver.
INFO - 2025-08-27 04:18:38 --> Session: Class initialized using 'CodeIgniter\Session\Handlers\FileHandler' driver.
INFO - 2025-08-27 04:18:41 --> Session: Class initialized using 'CodeIgniter\Session\Handlers\FileHandler' driver.
INFO - 2025-08-27 04:21:30 --> Session: Class initialized using 'CodeIgniter\Session\Handlers\FileHandler' driver.
INFO - 2025-08-27 04:21:37 --> Session: Class initialized using 'CodeIgniter\Session\Handlers\FileHandler' driver.
INFO - 2025-08-27 04:21:37 --> Session: Class initialized using 'CodeIgniter\Session\Handlers\FileHandler' driver.
